<?xml version="1.0" encoding="UTF-8"?>
<testsuite xmlns:xsi="http://www.w3.org/2001/XMLSchema-instance" xsi:noNamespaceSchemaLocation="https://maven.apache.org/surefire/maven-surefire-plugin/xsd/surefire-test-report-3.0.xsd" version="3.0" name="com.example.demo.TestcrudApplicationTests" time="10.373" tests="1" errors="0" skipped="0" failures="0">
  <properties>
    <property name="java.specification.version" value="17"/>
    <property name="sun.jnu.encoding" value="UTF-8"/>
    <property name="java.class.path" value="/Users/seniyahettiarachchige/Documents/GitHub/testcrud/testcrud/target/test-classes:/Users/seniyahettiarachchige/Documents/GitHub/testcrud/testcrud/target/classes:/Users/seniyahettiarachchige/.m2/repository/org/springframework/boot/spring-boot-starter-data-jpa/3.3.1/spring-boot-starter-data-jpa-3.3.1.jar:/Users/seniyahettiarachchige/.m2/repository/org/springframework/boot/spring-boot-starter-aop/3.3.1/spring-boot-starter-aop-3.3.1.jar:/Users/seniyahettiarachchige/.m2/repository/org/springframework/spring-aop/6.1.10/spring-aop-6.1.10.jar:/Users/seniyahettiarachchige/.m2/repository/org/aspectj/aspectjweaver/1.9.22/aspectjweaver-1.9.22.jar:/Users/seniyahettiarachchige/.m2/repository/org/springframework/boot/spring-boot-starter-jdbc/3.3.1/spring-boot-starter-jdbc-3.3.1.jar:/Users/seniyahettiarachchige/.m2/repository/com/zaxxer/HikariCP/5.1.0/HikariCP-5.1.0.jar:/Users/seniyahettiarachchige/.m2/repository/org/springframework/spring-jdbc/6.1.10/spring-jdbc-6.1.10.jar:/Users/seniyahettiarachchige/.m2/repository/org/hibernate/orm/hibernate-core/6.5.2.Final/hibernate-core-6.5.2.Final.jar:/Users/seniyahettiarachchige/.m2/repository/jakarta/persistence/jakarta.persistence-api/3.1.0/jakarta.persistence-api-3.1.0.jar:/Users/seniyahettiarachchige/.m2/repository/jakarta/transaction/jakarta.transaction-api/2.0.1/jakarta.transaction-api-2.0.1.jar:/Users/seniyahettiarachchige/.m2/repository/org/jboss/logging/jboss-logging/3.5.3.Final/jboss-logging-3.5.3.Final.jar:/Users/seniyahettiarachchige/.m2/repository/org/hibernate/common/hibernate-commons-annotations/6.0.6.Final/hibernate-commons-annotations-6.0.6.Final.jar:/Users/seniyahettiarachchige/.m2/repository/io/smallrye/jandex/3.1.2/jandex-3.1.2.jar:/Users/seniyahettiarachchige/.m2/repository/com/fasterxml/classmate/1.7.0/classmate-1.7.0.jar:/Users/seniyahettiarachchige/.m2/repository/net/bytebuddy/byte-buddy/1.14.17/byte-buddy-1.14.17.jar:/Users/seniyahettiarachchige/.m2/repository/org/glassfish/jaxb/jaxb-runtime/4.0.5/jaxb-runtime-4.0.5.jar:/Users/seniyahettiarachchige/.m2/repository/org/glassfish/jaxb/jaxb-core/4.0.5/jaxb-core-4.0.5.jar:/Users/seniyahettiarachchige/.m2/repository/org/eclipse/angus/angus-activation/2.0.2/angus-activation-2.0.2.jar:/Users/seniyahettiarachchige/.m2/repository/org/glassfish/jaxb/txw2/4.0.5/txw2-4.0.5.jar:/Users/seniyahettiarachchige/.m2/repository/com/sun/istack/istack-commons-runtime/4.1.2/istack-commons-runtime-4.1.2.jar:/Users/seniyahettiarachchige/.m2/repository/jakarta/inject/jakarta.inject-api/2.0.1/jakarta.inject-api-2.0.1.jar:/Users/seniyahettiarachchige/.m2/repository/org/antlr/antlr4-runtime/4.13.0/antlr4-runtime-4.13.0.jar:/Users/seniyahettiarachchige/.m2/repository/org/springframework/data/spring-data-jpa/3.3.1/spring-data-jpa-3.3.1.jar:/Users/seniyahettiarachchige/.m2/repository/org/springframework/data/spring-data-commons/3.3.1/spring-data-commons-3.3.1.jar:/Users/seniyahettiarachchige/.m2/repository/org/springframework/spring-orm/6.1.10/spring-orm-6.1.10.jar:/Users/seniyahettiarachchige/.m2/repository/org/springframework/spring-context/6.1.10/spring-context-6.1.10.jar:/Users/seniyahettiarachchige/.m2/repository/org/springframework/spring-tx/6.1.10/spring-tx-6.1.10.jar:/Users/seniyahettiarachchige/.m2/repository/org/springframework/spring-beans/6.1.10/spring-beans-6.1.10.jar:/Users/seniyahettiarachchige/.m2/repository/jakarta/annotation/jakarta.annotation-api/2.1.1/jakarta.annotation-api-2.1.1.jar:/Users/seniyahettiarachchige/.m2/repository/org/slf4j/slf4j-api/2.0.13/slf4j-api-2.0.13.jar:/Users/seniyahettiarachchige/.m2/repository/org/springframework/spring-aspects/6.1.10/spring-aspects-6.1.10.jar:/Users/seniyahettiarachchige/.m2/repository/org/springframework/boot/spring-boot-starter-thymeleaf/3.3.1/spring-boot-starter-thymeleaf-3.3.1.jar:/Users/seniyahettiarachchige/.m2/repository/org/springframework/boot/spring-boot-starter/3.3.1/spring-boot-starter-3.3.1.jar:/Users/seniyahettiarachchige/.m2/repository/org/springframework/boot/spring-boot-starter-logging/3.3.1/spring-boot-starter-logging-3.3.1.jar:/Users/seniyahettiarachchige/.m2/repository/ch/qos/logback/logback-classic/1.5.6/logback-classic-1.5.6.jar:/Users/seniyahettiarachchige/.m2/repository/ch/qos/logback/logback-core/1.5.6/logback-core-1.5.6.jar:/Users/seniyahettiarachchige/.m2/repository/org/apache/logging/log4j/log4j-to-slf4j/2.23.1/log4j-to-slf4j-2.23.1.jar:/Users/seniyahettiarachchige/.m2/repository/org/apache/logging/log4j/log4j-api/2.23.1/log4j-api-2.23.1.jar:/Users/seniyahettiarachchige/.m2/repository/org/slf4j/jul-to-slf4j/2.0.13/jul-to-slf4j-2.0.13.jar:/Users/seniyahettiarachchige/.m2/repository/org/yaml/snakeyaml/2.2/snakeyaml-2.2.jar:/Users/seniyahettiarachchige/.m2/repository/org/thymeleaf/thymeleaf-spring6/3.1.2.RELEASE/thymeleaf-spring6-3.1.2.RELEASE.jar:/Users/seniyahettiarachchige/.m2/repository/org/thymeleaf/thymeleaf/3.1.2.RELEASE/thymeleaf-3.1.2.RELEASE.jar:/Users/seniyahettiarachchige/.m2/repository/org/attoparser/attoparser/2.0.7.RELEASE/attoparser-2.0.7.RELEASE.jar:/Users/seniyahettiarachchige/.m2/repository/org/unbescape/unbescape/1.1.6.RELEASE/unbescape-1.1.6.RELEASE.jar:/Users/seniyahettiarachchige/.m2/repository/org/springframework/boot/spring-boot-starter-web/3.3.1/spring-boot-starter-web-3.3.1.jar:/Users/seniyahettiarachchige/.m2/repository/org/springframework/boot/spring-boot-starter-json/3.3.1/spring-boot-starter-json-3.3.1.jar:/Users/seniyahettiarachchige/.m2/repository/com/fasterxml/jackson/core/jackson-databind/2.17.1/jackson-databind-2.17.1.jar:/Users/seniyahettiarachchige/.m2/repository/com/fasterxml/jackson/core/jackson-annotations/2.17.1/jackson-annotations-2.17.1.jar:/Users/seniyahettiarachchige/.m2/repository/com/fasterxml/jackson/core/jackson-core/2.17.1/jackson-core-2.17.1.jar:/Users/seniyahettiarachchige/.m2/repository/com/fasterxml/jackson/datatype/jackson-datatype-jdk8/2.17.1/jackson-datatype-jdk8-2.17.1.jar:/Users/seniyahettiarachchige/.m2/repository/com/fasterxml/jackson/datatype/jackson-datatype-jsr310/2.17.1/jackson-datatype-jsr310-2.17.1.jar:/Users/seniyahettiarachchige/.m2/repository/com/fasterxml/jackson/module/jackson-module-parameter-names/2.17.1/jackson-module-parameter-names-2.17.1.jar:/Users/seniyahettiarachchige/.m2/repository/org/springframework/boot/spring-boot-starter-tomcat/3.3.1/spring-boot-starter-tomcat-3.3.1.jar:/Users/seniyahettiarachchige/.m2/repository/org/apache/tomcat/embed/tomcat-embed-core/10.1.25/tomcat-embed-core-10.1.25.jar:/Users/seniyahettiarachchige/.m2/repository/org/apache/tomcat/embed/tomcat-embed-websocket/10.1.25/tomcat-embed-websocket-10.1.25.jar:/Users/seniyahettiarachchige/.m2/repository/org/springframework/spring-web/6.1.10/spring-web-6.1.10.jar:/Users/seniyahettiarachchige/.m2/repository/io/micrometer/micrometer-observation/1.13.1/micrometer-observation-1.13.1.jar:/Users/seniyahettiarachchige/.m2/repository/io/micrometer/micrometer-commons/1.13.1/micrometer-commons-1.13.1.jar:/Users/seniyahettiarachchige/.m2/repository/org/springframework/spring-webmvc/6.1.10/spring-webmvc-6.1.10.jar:/Users/seniyahettiarachchige/.m2/repository/org/springframework/spring-expression/6.1.10/spring-expression-6.1.10.jar:/Users/seniyahettiarachchige/.m2/repository/com/mysql/mysql-connector-j/8.3.0/mysql-connector-j-8.3.0.jar:/Users/seniyahettiarachchige/.m2/repository/org/springframework/boot/spring-boot-starter-test/3.3.1/spring-boot-starter-test-3.3.1.jar:/Users/seniyahettiarachchige/.m2/repository/org/springframework/boot/spring-boot-test/3.3.1/spring-boot-test-3.3.1.jar:/Users/seniyahettiarachchige/.m2/repository/org/springframework/boot/spring-boot-test-autoconfigure/3.3.1/spring-boot-test-autoconfigure-3.3.1.jar:/Users/seniyahettiarachchige/.m2/repository/com/jayway/jsonpath/json-path/2.9.0/json-path-2.9.0.jar:/Users/seniyahettiarachchige/.m2/repository/jakarta/xml/bind/jakarta.xml.bind-api/4.0.2/jakarta.xml.bind-api-4.0.2.jar:/Users/seniyahettiarachchige/.m2/repository/jakarta/activation/jakarta.activation-api/2.1.3/jakarta.activation-api-2.1.3.jar:/Users/seniyahettiarachchige/.m2/repository/net/minidev/json-smart/2.5.1/json-smart-2.5.1.jar:/Users/seniyahettiarachchige/.m2/repository/net/minidev/accessors-smart/2.5.1/accessors-smart-2.5.1.jar:/Users/seniyahettiarachchige/.m2/repository/org/ow2/asm/asm/9.6/asm-9.6.jar:/Users/seniyahettiarachchige/.m2/repository/org/assertj/assertj-core/3.25.3/assertj-core-3.25.3.jar:/Users/seniyahettiarachchige/.m2/repository/org/awaitility/awaitility/4.2.1/awaitility-4.2.1.jar:/Users/seniyahettiarachchige/.m2/repository/org/hamcrest/hamcrest/2.2/hamcrest-2.2.jar:/Users/seniyahettiarachchige/.m2/repository/org/junit/jupiter/junit-jupiter/5.10.2/junit-jupiter-5.10.2.jar:/Users/seniyahettiarachchige/.m2/repository/org/junit/jupiter/junit-jupiter-api/5.10.2/junit-jupiter-api-5.10.2.jar:/Users/seniyahettiarachchige/.m2/repository/org/opentest4j/opentest4j/1.3.0/opentest4j-1.3.0.jar:/Users/seniyahettiarachchige/.m2/repository/org/junit/platform/junit-platform-commons/1.10.2/junit-platform-commons-1.10.2.jar:/Users/seniyahettiarachchige/.m2/repository/org/apiguardian/apiguardian-api/1.1.2/apiguardian-api-1.1.2.jar:/Users/seniyahettiarachchige/.m2/repository/org/junit/jupiter/junit-jupiter-params/5.10.2/junit-jupiter-params-5.10.2.jar:/Users/seniyahettiarachchige/.m2/repository/org/junit/jupiter/junit-jupiter-engine/5.10.2/junit-jupiter-engine-5.10.2.jar:/Users/seniyahettiarachchige/.m2/repository/org/junit/platform/junit-platform-engine/1.10.2/junit-platform-engine-1.10.2.jar:/Users/seniyahettiarachchige/.m2/repository/org/mockito/mockito-core/5.11.0/mockito-core-5.11.0.jar:/Users/seniyahettiarachchige/.m2/repository/net/bytebuddy/byte-buddy-agent/1.14.17/byte-buddy-agent-1.14.17.jar:/Users/seniyahettiarachchige/.m2/repository/org/objenesis/objenesis/3.3/objenesis-3.3.jar:/Users/seniyahettiarachchige/.m2/repository/org/mockito/mockito-junit-jupiter/5.11.0/mockito-junit-jupiter-5.11.0.jar:/Users/seniyahettiarachchige/.m2/repository/org/skyscreamer/jsonassert/1.5.1/jsonassert-1.5.1.jar:/Users/seniyahettiarachchige/.m2/repository/com/vaadin/external/google/android-json/0.0.20131108.vaadin1/android-json-0.0.20131108.vaadin1.jar:/Users/seniyahettiarachchige/.m2/repository/org/springframework/spring-core/6.1.10/spring-core-6.1.10.jar:/Users/seniyahettiarachchige/.m2/repository/org/springframework/spring-jcl/6.1.10/spring-jcl-6.1.10.jar:/Users/seniyahettiarachchige/.m2/repository/org/springframework/spring-test/6.1.10/spring-test-6.1.10.jar:/Users/seniyahettiarachchige/.m2/repository/org/xmlunit/xmlunit-core/2.9.1/xmlunit-core-2.9.1.jar:/Users/seniyahettiarachchige/.m2/repository/org/webjars/bootstrap/4.3.1/bootstrap-4.3.1.jar:/Users/seniyahettiarachchige/.m2/repository/org/webjars/jquery/3.0.0/jquery-3.0.0.jar:/Users/seniyahettiarachchige/.m2/repository/org/webjars/popper.js/1.14.3/popper.js-1.14.3.jar:/Users/seniyahettiarachchige/.m2/repository/org/springframework/boot/spring-boot-devtools/3.3.1/spring-boot-devtools-3.3.1.jar:/Users/seniyahettiarachchige/.m2/repository/org/springframework/boot/spring-boot/3.3.1/spring-boot-3.3.1.jar:/Users/seniyahettiarachchige/.m2/repository/org/springframework/boot/spring-boot-autoconfigure/3.3.1/spring-boot-autoconfigure-3.3.1.jar:/Users/seniyahettiarachchige/.m2/repository/org/springframework/boot/spring-boot-starter-validation/3.3.1/spring-boot-starter-validation-3.3.1.jar:/Users/seniyahettiarachchige/.m2/repository/org/apache/tomcat/embed/tomcat-embed-el/10.1.25/tomcat-embed-el-10.1.25.jar:/Users/seniyahettiarachchige/.m2/repository/org/hibernate/validator/hibernate-validator/8.0.1.Final/hibernate-validator-8.0.1.Final.jar:/Users/seniyahettiarachchige/.m2/repository/jakarta/validation/jakarta.validation-api/3.0.2/jakarta.validation-api-3.0.2.jar:"/>
    <property name="java.vm.vendor" value="Eclipse Adoptium"/>
    <property name="sun.arch.data.model" value="64"/>
    <property name="java.vendor.url" value="https://adoptium.net/"/>
    <property name="user.timezone" value="Europe/Rome"/>
    <property name="org.jboss.logging.provider" value="slf4j"/>
    <property name="os.name" value="Mac OS X"/>
    <property name="java.vm.specification.version" value="17"/>
    <property name="sun.java.launcher" value="SUN_STANDARD"/>
    <property name="user.country" value="IT"/>
    <property name="sun.boot.library.path" value="/Volumes/Spring Tool Suite 4/SpringToolSuite4.app/Contents/Eclipse/plugins/org.eclipse.justj.openjdk.hotspot.jre.full.macosx.x86_64_17.0.10.v20240120-1143/jre/lib"/>
    <property name="sun.java.command" value="/Users/seniyahettiarachchige/Documents/GitHub/testcrud/testcrud/target/surefire/surefirebooter-20240712163154115_3.jar /Users/seniyahettiarachchige/Documents/GitHub/testcrud/testcrud/target/surefire 2024-07-12T16-31-53_909-jvmRun1 surefire-20240712163154115_1tmp surefire_0-20240712163154115_2tmp"/>
    <property name="http.nonProxyHosts" value="local|*.local|169.254/16|*.169.254/16"/>
    <property name="jdk.debug" value="release"/>
    <property name="surefire.test.class.path" value="/Users/seniyahettiarachchige/Documents/GitHub/testcrud/testcrud/target/test-classes:/Users/seniyahettiarachchige/Documents/GitHub/testcrud/testcrud/target/classes:/Users/seniyahettiarachchige/.m2/repository/org/springframework/boot/spring-boot-starter-data-jpa/3.3.1/spring-boot-starter-data-jpa-3.3.1.jar:/Users/seniyahettiarachchige/.m2/repository/org/springframework/boot/spring-boot-starter-aop/3.3.1/spring-boot-starter-aop-3.3.1.jar:/Users/seniyahettiarachchige/.m2/repository/org/springframework/spring-aop/6.1.10/spring-aop-6.1.10.jar:/Users/seniyahettiarachchige/.m2/repository/org/aspectj/aspectjweaver/1.9.22/aspectjweaver-1.9.22.jar:/Users/seniyahettiarachchige/.m2/repository/org/springframework/boot/spring-boot-starter-jdbc/3.3.1/spring-boot-starter-jdbc-3.3.1.jar:/Users/seniyahettiarachchige/.m2/repository/com/zaxxer/HikariCP/5.1.0/HikariCP-5.1.0.jar:/Users/seniyahettiarachchige/.m2/repository/org/springframework/spring-jdbc/6.1.10/spring-jdbc-6.1.10.jar:/Users/seniyahettiarachchige/.m2/repository/org/hibernate/orm/hibernate-core/6.5.2.Final/hibernate-core-6.5.2.Final.jar:/Users/seniyahettiarachchige/.m2/repository/jakarta/persistence/jakarta.persistence-api/3.1.0/jakarta.persistence-api-3.1.0.jar:/Users/seniyahettiarachchige/.m2/repository/jakarta/transaction/jakarta.transaction-api/2.0.1/jakarta.transaction-api-2.0.1.jar:/Users/seniyahettiarachchige/.m2/repository/org/jboss/logging/jboss-logging/3.5.3.Final/jboss-logging-3.5.3.Final.jar:/Users/seniyahettiarachchige/.m2/repository/org/hibernate/common/hibernate-commons-annotations/6.0.6.Final/hibernate-commons-annotations-6.0.6.Final.jar:/Users/seniyahettiarachchige/.m2/repository/io/smallrye/jandex/3.1.2/jandex-3.1.2.jar:/Users/seniyahettiarachchige/.m2/repository/com/fasterxml/classmate/1.7.0/classmate-1.7.0.jar:/Users/seniyahettiarachchige/.m2/repository/net/bytebuddy/byte-buddy/1.14.17/byte-buddy-1.14.17.jar:/Users/seniyahettiarachchige/.m2/repository/org/glassfish/jaxb/jaxb-runtime/4.0.5/jaxb-runtime-4.0.5.jar:/Users/seniyahettiarachchige/.m2/repository/org/glassfish/jaxb/jaxb-core/4.0.5/jaxb-core-4.0.5.jar:/Users/seniyahettiarachchige/.m2/repository/org/eclipse/angus/angus-activation/2.0.2/angus-activation-2.0.2.jar:/Users/seniyahettiarachchige/.m2/repository/org/glassfish/jaxb/txw2/4.0.5/txw2-4.0.5.jar:/Users/seniyahettiarachchige/.m2/repository/com/sun/istack/istack-commons-runtime/4.1.2/istack-commons-runtime-4.1.2.jar:/Users/seniyahettiarachchige/.m2/repository/jakarta/inject/jakarta.inject-api/2.0.1/jakarta.inject-api-2.0.1.jar:/Users/seniyahettiarachchige/.m2/repository/org/antlr/antlr4-runtime/4.13.0/antlr4-runtime-4.13.0.jar:/Users/seniyahettiarachchige/.m2/repository/org/springframework/data/spring-data-jpa/3.3.1/spring-data-jpa-3.3.1.jar:/Users/seniyahettiarachchige/.m2/repository/org/springframework/data/spring-data-commons/3.3.1/spring-data-commons-3.3.1.jar:/Users/seniyahettiarachchige/.m2/repository/org/springframework/spring-orm/6.1.10/spring-orm-6.1.10.jar:/Users/seniyahettiarachchige/.m2/repository/org/springframework/spring-context/6.1.10/spring-context-6.1.10.jar:/Users/seniyahettiarachchige/.m2/repository/org/springframework/spring-tx/6.1.10/spring-tx-6.1.10.jar:/Users/seniyahettiarachchige/.m2/repository/org/springframework/spring-beans/6.1.10/spring-beans-6.1.10.jar:/Users/seniyahettiarachchige/.m2/repository/jakarta/annotation/jakarta.annotation-api/2.1.1/jakarta.annotation-api-2.1.1.jar:/Users/seniyahettiarachchige/.m2/repository/org/slf4j/slf4j-api/2.0.13/slf4j-api-2.0.13.jar:/Users/seniyahettiarachchige/.m2/repository/org/springframework/spring-aspects/6.1.10/spring-aspects-6.1.10.jar:/Users/seniyahettiarachchige/.m2/repository/org/springframework/boot/spring-boot-starter-thymeleaf/3.3.1/spring-boot-starter-thymeleaf-3.3.1.jar:/Users/seniyahettiarachchige/.m2/repository/org/springframework/boot/spring-boot-starter/3.3.1/spring-boot-starter-3.3.1.jar:/Users/seniyahettiarachchige/.m2/repository/org/springframework/boot/spring-boot-starter-logging/3.3.1/spring-boot-starter-logging-3.3.1.jar:/Users/seniyahettiarachchige/.m2/repository/ch/qos/logback/logback-classic/1.5.6/logback-classic-1.5.6.jar:/Users/seniyahettiarachchige/.m2/repository/ch/qos/logback/logback-core/1.5.6/logback-core-1.5.6.jar:/Users/seniyahettiarachchige/.m2/repository/org/apache/logging/log4j/log4j-to-slf4j/2.23.1/log4j-to-slf4j-2.23.1.jar:/Users/seniyahettiarachchige/.m2/repository/org/apache/logging/log4j/log4j-api/2.23.1/log4j-api-2.23.1.jar:/Users/seniyahettiarachchige/.m2/repository/org/slf4j/jul-to-slf4j/2.0.13/jul-to-slf4j-2.0.13.jar:/Users/seniyahettiarachchige/.m2/repository/org/yaml/snakeyaml/2.2/snakeyaml-2.2.jar:/Users/seniyahettiarachchige/.m2/repository/org/thymeleaf/thymeleaf-spring6/3.1.2.RELEASE/thymeleaf-spring6-3.1.2.RELEASE.jar:/Users/seniyahettiarachchige/.m2/repository/org/thymeleaf/thymeleaf/3.1.2.RELEASE/thymeleaf-3.1.2.RELEASE.jar:/Users/seniyahettiarachchige/.m2/repository/org/attoparser/attoparser/2.0.7.RELEASE/attoparser-2.0.7.RELEASE.jar:/Users/seniyahettiarachchige/.m2/repository/org/unbescape/unbescape/1.1.6.RELEASE/unbescape-1.1.6.RELEASE.jar:/Users/seniyahettiarachchige/.m2/repository/org/springframework/boot/spring-boot-starter-web/3.3.1/spring-boot-starter-web-3.3.1.jar:/Users/seniyahettiarachchige/.m2/repository/org/springframework/boot/spring-boot-starter-json/3.3.1/spring-boot-starter-json-3.3.1.jar:/Users/seniyahettiarachchige/.m2/repository/com/fasterxml/jackson/core/jackson-databind/2.17.1/jackson-databind-2.17.1.jar:/Users/seniyahettiarachchige/.m2/repository/com/fasterxml/jackson/core/jackson-annotations/2.17.1/jackson-annotations-2.17.1.jar:/Users/seniyahettiarachchige/.m2/repository/com/fasterxml/jackson/core/jackson-core/2.17.1/jackson-core-2.17.1.jar:/Users/seniyahettiarachchige/.m2/repository/com/fasterxml/jackson/datatype/jackson-datatype-jdk8/2.17.1/jackson-datatype-jdk8-2.17.1.jar:/Users/seniyahettiarachchige/.m2/repository/com/fasterxml/jackson/datatype/jackson-datatype-jsr310/2.17.1/jackson-datatype-jsr310-2.17.1.jar:/Users/seniyahettiarachchige/.m2/repository/com/fasterxml/jackson/module/jackson-module-parameter-names/2.17.1/jackson-module-parameter-names-2.17.1.jar:/Users/seniyahettiarachchige/.m2/repository/org/springframework/boot/spring-boot-starter-tomcat/3.3.1/spring-boot-starter-tomcat-3.3.1.jar:/Users/seniyahettiarachchige/.m2/repository/org/apache/tomcat/embed/tomcat-embed-core/10.1.25/tomcat-embed-core-10.1.25.jar:/Users/seniyahettiarachchige/.m2/repository/org/apache/tomcat/embed/tomcat-embed-websocket/10.1.25/tomcat-embed-websocket-10.1.25.jar:/Users/seniyahettiarachchige/.m2/repository/org/springframework/spring-web/6.1.10/spring-web-6.1.10.jar:/Users/seniyahettiarachchige/.m2/repository/io/micrometer/micrometer-observation/1.13.1/micrometer-observation-1.13.1.jar:/Users/seniyahettiarachchige/.m2/repository/io/micrometer/micrometer-commons/1.13.1/micrometer-commons-1.13.1.jar:/Users/seniyahettiarachchige/.m2/repository/org/springframework/spring-webmvc/6.1.10/spring-webmvc-6.1.10.jar:/Users/seniyahettiarachchige/.m2/repository/org/springframework/spring-expression/6.1.10/spring-expression-6.1.10.jar:/Users/seniyahettiarachchige/.m2/repository/com/mysql/mysql-connector-j/8.3.0/mysql-connector-j-8.3.0.jar:/Users/seniyahettiarachchige/.m2/repository/org/springframework/boot/spring-boot-starter-test/3.3.1/spring-boot-starter-test-3.3.1.jar:/Users/seniyahettiarachchige/.m2/repository/org/springframework/boot/spring-boot-test/3.3.1/spring-boot-test-3.3.1.jar:/Users/seniyahettiarachchige/.m2/repository/org/springframework/boot/spring-boot-test-autoconfigure/3.3.1/spring-boot-test-autoconfigure-3.3.1.jar:/Users/seniyahettiarachchige/.m2/repository/com/jayway/jsonpath/json-path/2.9.0/json-path-2.9.0.jar:/Users/seniyahettiarachchige/.m2/repository/jakarta/xml/bind/jakarta.xml.bind-api/4.0.2/jakarta.xml.bind-api-4.0.2.jar:/Users/seniyahettiarachchige/.m2/repository/jakarta/activation/jakarta.activation-api/2.1.3/jakarta.activation-api-2.1.3.jar:/Users/seniyahettiarachchige/.m2/repository/net/minidev/json-smart/2.5.1/json-smart-2.5.1.jar:/Users/seniyahettiarachchige/.m2/repository/net/minidev/accessors-smart/2.5.1/accessors-smart-2.5.1.jar:/Users/seniyahettiarachchige/.m2/repository/org/ow2/asm/asm/9.6/asm-9.6.jar:/Users/seniyahettiarachchige/.m2/repository/org/assertj/assertj-core/3.25.3/assertj-core-3.25.3.jar:/Users/seniyahettiarachchige/.m2/repository/org/awaitility/awaitility/4.2.1/awaitility-4.2.1.jar:/Users/seniyahettiarachchige/.m2/repository/org/hamcrest/hamcrest/2.2/hamcrest-2.2.jar:/Users/seniyahettiarachchige/.m2/repository/org/junit/jupiter/junit-jupiter/5.10.2/junit-jupiter-5.10.2.jar:/Users/seniyahettiarachchige/.m2/repository/org/junit/jupiter/junit-jupiter-api/5.10.2/junit-jupiter-api-5.10.2.jar:/Users/seniyahettiarachchige/.m2/repository/org/opentest4j/opentest4j/1.3.0/opentest4j-1.3.0.jar:/Users/seniyahettiarachchige/.m2/repository/org/junit/platform/junit-platform-commons/1.10.2/junit-platform-commons-1.10.2.jar:/Users/seniyahettiarachchige/.m2/repository/org/apiguardian/apiguardian-api/1.1.2/apiguardian-api-1.1.2.jar:/Users/seniyahettiarachchige/.m2/repository/org/junit/jupiter/junit-jupiter-params/5.10.2/junit-jupiter-params-5.10.2.jar:/Users/seniyahettiarachchige/.m2/repository/org/junit/jupiter/junit-jupiter-engine/5.10.2/junit-jupiter-engine-5.10.2.jar:/Users/seniyahettiarachchige/.m2/repository/org/junit/platform/junit-platform-engine/1.10.2/junit-platform-engine-1.10.2.jar:/Users/seniyahettiarachchige/.m2/repository/org/mockito/mockito-core/5.11.0/mockito-core-5.11.0.jar:/Users/seniyahettiarachchige/.m2/repository/net/bytebuddy/byte-buddy-agent/1.14.17/byte-buddy-agent-1.14.17.jar:/Users/seniyahettiarachchige/.m2/repository/org/objenesis/objenesis/3.3/objenesis-3.3.jar:/Users/seniyahettiarachchige/.m2/repository/org/mockito/mockito-junit-jupiter/5.11.0/mockito-junit-jupiter-5.11.0.jar:/Users/seniyahettiarachchige/.m2/repository/org/skyscreamer/jsonassert/1.5.1/jsonassert-1.5.1.jar:/Users/seniyahettiarachchige/.m2/repository/com/vaadin/external/google/android-json/0.0.20131108.vaadin1/android-json-0.0.20131108.vaadin1.jar:/Users/seniyahettiarachchige/.m2/repository/org/springframework/spring-core/6.1.10/spring-core-6.1.10.jar:/Users/seniyahettiarachchige/.m2/repository/org/springframework/spring-jcl/6.1.10/spring-jcl-6.1.10.jar:/Users/seniyahettiarachchige/.m2/repository/org/springframework/spring-test/6.1.10/spring-test-6.1.10.jar:/Users/seniyahettiarachchige/.m2/repository/org/xmlunit/xmlunit-core/2.9.1/xmlunit-core-2.9.1.jar:/Users/seniyahettiarachchige/.m2/repository/org/webjars/bootstrap/4.3.1/bootstrap-4.3.1.jar:/Users/seniyahettiarachchige/.m2/repository/org/webjars/jquery/3.0.0/jquery-3.0.0.jar:/Users/seniyahettiarachchige/.m2/repository/org/webjars/popper.js/1.14.3/popper.js-1.14.3.jar:/Users/seniyahettiarachchige/.m2/repository/org/springframework/boot/spring-boot-devtools/3.3.1/spring-boot-devtools-3.3.1.jar:/Users/seniyahettiarachchige/.m2/repository/org/springframework/boot/spring-boot/3.3.1/spring-boot-3.3.1.jar:/Users/seniyahettiarachchige/.m2/repository/org/springframework/boot/spring-boot-autoconfigure/3.3.1/spring-boot-autoconfigure-3.3.1.jar:/Users/seniyahettiarachchige/.m2/repository/org/springframework/boot/spring-boot-starter-validation/3.3.1/spring-boot-starter-validation-3.3.1.jar:/Users/seniyahettiarachchige/.m2/repository/org/apache/tomcat/embed/tomcat-embed-el/10.1.25/tomcat-embed-el-10.1.25.jar:/Users/seniyahettiarachchige/.m2/repository/org/hibernate/validator/hibernate-validator/8.0.1.Final/hibernate-validator-8.0.1.Final.jar:/Users/seniyahettiarachchige/.m2/repository/jakarta/validation/jakarta.validation-api/3.0.2/jakarta.validation-api-3.0.2.jar:"/>
    <property name="sun.cpu.endian" value="little"/>
    <property name="user.home" value="/Users/seniyahettiarachchige"/>
    <property name="user.language" value="it"/>
    <property name="java.specification.vendor" value="Oracle Corporation"/>
    <property name="java.version.date" value="2024-01-16"/>
    <property name="java.home" value="/Volumes/Spring Tool Suite 4/SpringToolSuite4.app/Contents/Eclipse/plugins/org.eclipse.justj.openjdk.hotspot.jre.full.macosx.x86_64_17.0.10.v20240120-1143/jre"/>
    <property name="file.separator" value="/"/>
    <property name="style.color" value="always"/>
    <property name="basedir" value="/Users/seniyahettiarachchige/Documents/GitHub/testcrud/testcrud"/>
    <property name="java.vm.compressedOopsMode" value="Zero based"/>
    <property name="line.separator" value="&#10;"/>
    <property name="java.vm.specification.vendor" value="Oracle Corporation"/>
    <property name="java.specification.name" value="Java Platform API Specification"/>
    <property name="FILE_LOG_CHARSET" value="UTF-8"/>
    <property name="java.awt.headless" value="true"/>
    <property name="surefire.real.class.path" value="/Users/seniyahettiarachchige/Documents/GitHub/testcrud/testcrud/target/surefire/surefirebooter-20240712163154115_3.jar"/>
    <property name="sun.management.compiler" value="HotSpot 64-Bit Tiered Compilers"/>
    <property name="ftp.nonProxyHosts" value="local|*.local|169.254/16|*.169.254/16"/>
    <property name="java.runtime.version" value="17.0.10+7"/>
    <property name="user.name" value="seniyahettiarachchige"/>
    <property name="path.separator" value=":"/>
    <property name="os.version" value="14.5"/>
    <property name="java.runtime.name" value="OpenJDK Runtime Environment"/>
    <property name="file.encoding" value="UTF-8"/>
    <property name="java.vm.name" value="OpenJDK 64-Bit Server VM"/>
    <property name="java.vendor.version" value="Temurin-17.0.10+7"/>
    <property name="localRepository" value="/Users/seniyahettiarachchige/.m2/repository"/>
    <property name="java.vendor.url.bug" value="https://github.com/adoptium/adoptium-support/issues"/>
    <property name="java.io.tmpdir" value="/var/folders/qh/gypk4y614jb5m3svtv6hv5d80000gn/T/"/>
    <property name="com.zaxxer.hikari.pool_number" value="1"/>
    <property name="java.version" value="17.0.10"/>
    <property name="user.dir" value="/Users/seniyahettiarachchige/Documents/GitHub/testcrud/testcrud"/>
    <property name="os.arch" value="x86_64"/>
    <property name="java.vm.specification.name" value="Java Virtual Machine Specification"/>
    <property name="PID" value="7772"/>
    <property name="CONSOLE_LOG_CHARSET" value="UTF-8"/>
    <property name="native.encoding" value="UTF-8"/>
    <property name="java.library.path" value="/Users/seniyahettiarachchige/Library/Java/Extensions:/Library/Java/Extensions:/Network/Library/Java/Extensions:/System/Library/Java/Extensions:/usr/lib/java:."/>
    <property name="java.vm.info" value="mixed mode"/>
    <property name="java.vendor" value="Eclipse Adoptium"/>
    <property name="java.vm.version" value="17.0.10+7"/>
    <property name="sun.io.unicode.encoding" value="UnicodeBig"/>
    <property name="socksNonProxyHosts" value="local|*.local|169.254/16|*.169.254/16"/>
    <property name="java.class.version" value="61.0"/>
    <property name="LOGGED_APPLICATION_NAME" value="[testcrud] "/>
  </properties>
  <testcase name="contextLoads" classname="com.example.demo.TestcrudApplicationTests" time="1.047">
    <system-out><![CDATA[16:31:57.058 [main] INFO org.springframework.test.context.support.AnnotationConfigContextLoaderUtils -- Could not detect default configuration classes for test class [com.example.demo.TestcrudApplicationTests]: TestcrudApplicationTests does not declare any static, non-private, non-final, nested classes annotated with @Configuration.
16:31:57.250 [main] INFO org.springframework.boot.test.context.SpringBootTestContextBootstrapper -- Found @SpringBootConfiguration com.example.demo.TestcrudApplication for test class com.example.demo.TestcrudApplicationTests
16:31:57.521 [main] INFO org.springframework.boot.devtools.restart.RestartApplicationListener -- Restart disabled due to context in which it is running

  .   ____          _            __ _ _
 /\\ / ___'_ __ _ _(_)_ __  __ _ \ \ \ \
( ( )\___ | '_ | '_| | '_ \/ _` | \ \ \ \
 \\/  ___)| |_)| | | | | || (_| |  ) ) ) )
  '  |____| .__|_| |_|_| |_\__, | / / / /
 =========|_|==============|___/=/_/_/_/

 :: Spring Boot ::                (v3.3.1)

2024-07-12T16:31:58.195+02:00  INFO 7772 --- [testcrud] [           main] c.example.demo.TestcrudApplicationTests  : Starting TestcrudApplicationTests using Java 17.0.10 with PID 7772 (started by seniyahettiarachchige in /Users/seniyahettiarachchige/Documents/GitHub/testcrud/testcrud)
2024-07-12T16:31:58.196+02:00  INFO 7772 --- [testcrud] [           main] c.example.demo.TestcrudApplicationTests  : No active profile set, falling back to 1 default profile: "default"
2024-07-12T16:32:00.187+02:00  INFO 7772 --- [testcrud] [           main] .s.d.r.c.RepositoryConfigurationDelegate : Bootstrapping Spring Data JPA repositories in DEFAULT mode.
2024-07-12T16:32:00.285+02:00  INFO 7772 --- [testcrud] [           main] .s.d.r.c.RepositoryConfigurationDelegate : Finished Spring Data repository scanning in 86 ms. Found 1 JPA repository interface.
2024-07-12T16:32:01.316+02:00  INFO 7772 --- [testcrud] [           main] o.hibernate.jpa.internal.util.LogHelper  : HHH000204: Processing PersistenceUnitInfo [name: default]
2024-07-12T16:32:01.377+02:00  INFO 7772 --- [testcrud] [           main] org.hibernate.Version                    : HHH000412: Hibernate ORM core version 6.5.2.Final
2024-07-12T16:32:01.420+02:00  INFO 7772 --- [testcrud] [           main] o.h.c.internal.RegionFactoryInitiator    : HHH000026: Second-level cache disabled
2024-07-12T16:32:01.829+02:00  INFO 7772 --- [testcrud] [           main] o.s.o.j.p.SpringPersistenceUnitInfo      : No LoadTimeWeaver setup: ignoring JPA class transformer
2024-07-12T16:32:01.861+02:00  INFO 7772 --- [testcrud] [           main] com.zaxxer.hikari.HikariDataSource       : HikariPool-1 - Starting...
2024-07-12T16:32:02.519+02:00  INFO 7772 --- [testcrud] [           main] com.zaxxer.hikari.pool.HikariPool        : HikariPool-1 - Added connection com.mysql.cj.jdbc.ConnectionImpl@22cd8ec2
2024-07-12T16:32:02.522+02:00  INFO 7772 --- [testcrud] [           main] com.zaxxer.hikari.HikariDataSource       : HikariPool-1 - Start completed.
2024-07-12T16:32:02.597+02:00  WARN 7772 --- [testcrud] [           main] org.hibernate.orm.deprecation            : HHH90000025: MySQL8Dialect does not need to be specified explicitly using 'hibernate.dialect' (remove the property setting and it will be selected by default)
2024-07-12T16:32:02.599+02:00  WARN 7772 --- [testcrud] [           main] org.hibernate.orm.deprecation            : HHH90000026: MySQL8Dialect has been deprecated; use org.hibernate.dialect.MySQLDialect instead
2024-07-12T16:32:04.182+02:00  INFO 7772 --- [testcrud] [           main] o.h.e.t.j.p.i.JtaPlatformInitiator       : HHH000489: No JTA platform available (set 'hibernate.transaction.jta.platform' to enable JTA platform integration)
2024-07-12T16:32:04.317+02:00  INFO 7772 --- [testcrud] [           main] j.LocalContainerEntityManagerFactoryBean : Initialized JPA EntityManagerFactory for persistence unit 'default'
2024-07-12T16:32:05.100+02:00  WARN 7772 --- [testcrud] [           main] JpaBaseConfiguration$JpaWebConfiguration : spring.jpa.open-in-view is enabled by default. Therefore, database queries may be performed during view rendering. Explicitly configure spring.jpa.open-in-view to disable this warning
2024-07-12T16:32:05.956+02:00  INFO 7772 --- [testcrud] [           main] c.example.demo.TestcrudApplicationTests  : Started TestcrudApplicationTests in 8.493 seconds (process running for 11.029)
]]></system-out>
  </testcase>
</testsuite>